2017-06-25 14:25:54 [scrapy.utils.log] INFO: Scrapy 1.3.3 started (bot: weibo)
2017-06-25 14:25:54 [scrapy.utils.log] INFO: Overridden settings: {'BOT_NAME': 'weibo', 'COOKIES_ENABLED': False, 'LOG_FILE': 'scrapy.log', 'NEWSPIDER_MODULE': 'weibo.spiders', 'ROBOTSTXT_OBEY': True, 'SPIDER_MODULES': ['weibo.spiders']}
2017-06-25 14:25:54 [scrapy.middleware] INFO: Enabled extensions:
['scrapy.extensions.corestats.CoreStats',
 'scrapy.extensions.telnet.TelnetConsole',
 'scrapy.extensions.logstats.LogStats']
2017-06-25 14:25:54 [scrapy.middleware] INFO: Enabled downloader middlewares:
['scrapy.downloadermiddlewares.robotstxt.RobotsTxtMiddleware',
 'weibo.middlewares.ProxyMiddleware',
 'scrapy.downloadermiddlewares.httpauth.HttpAuthMiddleware',
 'scrapy.downloadermiddlewares.downloadtimeout.DownloadTimeoutMiddleware',
 'scrapy.downloadermiddlewares.defaultheaders.DefaultHeadersMiddleware',
 'scrapy.downloadermiddlewares.useragent.UserAgentMiddleware',
 'scrapy.downloadermiddlewares.retry.RetryMiddleware',
 'scrapy.downloadermiddlewares.redirect.MetaRefreshMiddleware',
 'scrapy.downloadermiddlewares.httpcompression.HttpCompressionMiddleware',
 'scrapy.downloadermiddlewares.redirect.RedirectMiddleware',
 'scrapy.downloadermiddlewares.stats.DownloaderStats']
2017-06-25 14:25:55 [scrapy.middleware] INFO: Enabled spider middlewares:
['scrapy.spidermiddlewares.httperror.HttpErrorMiddleware',
 'scrapy.spidermiddlewares.offsite.OffsiteMiddleware',
 'scrapy.spidermiddlewares.referer.RefererMiddleware',
 'scrapy.spidermiddlewares.urllength.UrlLengthMiddleware',
 'scrapy.spidermiddlewares.depth.DepthMiddleware']
2017-06-25 14:25:55 [scrapy.middleware] INFO: Enabled item pipelines:
['weibo.pipelines.WeiboPipeline']
2017-06-25 14:25:55 [scrapy.core.engine] INFO: Spider opened
2017-06-25 14:25:55 [scrapy.extensions.logstats] INFO: Crawled 0 pages (at 0 pages/min), scraped 0 items (at 0 items/min)
2017-06-25 14:25:55 [scrapy.extensions.telnet] DEBUG: Telnet console listening on 127.0.0.1:6023
2017-06-25 14:25:56 [scrapy.core.engine] DEBUG: Crawled (200) <GET https://m.weibo.cn/robots.txt> (referer: None)
2017-06-25 14:25:56 [scrapy.downloadermiddlewares.retry] DEBUG: Retrying <GET https://m.weibo.cn/status/4070116385690289> (failed 1 times): [<twisted.python.failure.Failure twisted.web._newclient.ParseError: ('wrong number of parts', b'HTTP/1.1 403')>]
2017-06-25 14:25:57 [scrapy.downloadermiddlewares.retry] DEBUG: Retrying <GET https://m.weibo.cn/status/4070116385690289> (failed 2 times): [<twisted.python.failure.Failure twisted.web._newclient.ParseError: ('wrong number of parts', b'HTTP/1.1 403')>]
2017-06-25 14:25:58 [scrapy.downloadermiddlewares.retry] DEBUG: Gave up retrying <GET https://m.weibo.cn/status/4070116385690289> (failed 3 times): [<twisted.python.failure.Failure twisted.web._newclient.ParseError: ('wrong number of parts', b'HTTP/1.1 403')>]
2017-06-25 14:25:58 [scrapy.core.scraper] ERROR: Error downloading <GET https://m.weibo.cn/status/4070116385690289>
Traceback (most recent call last):
  File "c:\anaconda3\lib\site-packages\twisted\internet\defer.py", line 1299, in _inlineCallbacks
    result = result.throwExceptionIntoGenerator(g)
  File "c:\anaconda3\lib\site-packages\twisted\python\failure.py", line 393, in throwExceptionIntoGenerator
    return g.throw(self.type, self.value, self.tb)
  File "c:\anaconda3\lib\site-packages\scrapy\core\downloader\middleware.py", line 43, in process_request
    defer.returnValue((yield download_func(request=request,spider=spider)))
twisted.web._newclient.ResponseFailed: [<twisted.python.failure.Failure twisted.web._newclient.ParseError: ('wrong number of parts', b'HTTP/1.1 403')>]
2017-06-25 14:25:58 [scrapy.core.engine] INFO: Closing spider (finished)
2017-06-25 14:25:58 [scrapy.statscollectors] INFO: Dumping Scrapy stats:
{'downloader/exception_count': 3,
 'downloader/exception_type_count/twisted.web._newclient.ResponseFailed': 3,
 'downloader/request_bytes': 3515,
 'downloader/request_count': 4,
 'downloader/request_method_count/GET': 4,
 'downloader/response_bytes': 425,
 'downloader/response_count': 1,
 'downloader/response_status_count/200': 1,
 'finish_reason': 'finished',
 'finish_time': datetime.datetime(2017, 6, 25, 6, 25, 58, 857713),
 'log_count/DEBUG': 5,
 'log_count/ERROR': 1,
 'log_count/INFO': 7,
 'response_received_count': 1,
 'scheduler/dequeued': 3,
 'scheduler/dequeued/memory': 3,
 'scheduler/enqueued': 3,
 'scheduler/enqueued/memory': 3,
 'start_time': datetime.datetime(2017, 6, 25, 6, 25, 55, 670856)}
2017-06-25 14:25:58 [scrapy.core.engine] INFO: Spider closed (finished)
2017-06-25 14:27:02 [scrapy.utils.log] INFO: Scrapy 1.3.3 started (bot: weibo)
2017-06-25 14:27:02 [scrapy.utils.log] INFO: Overridden settings: {'BOT_NAME': 'weibo', 'COOKIES_ENABLED': False, 'LOG_FILE': 'scrapy.log', 'NEWSPIDER_MODULE': 'weibo.spiders', 'ROBOTSTXT_OBEY': True, 'SPIDER_MODULES': ['weibo.spiders']}
2017-06-25 14:27:03 [scrapy.middleware] INFO: Enabled extensions:
['scrapy.extensions.corestats.CoreStats',
 'scrapy.extensions.telnet.TelnetConsole',
 'scrapy.extensions.logstats.LogStats']
2017-06-25 14:27:03 [scrapy.middleware] INFO: Enabled downloader middlewares:
['scrapy.downloadermiddlewares.robotstxt.RobotsTxtMiddleware',
 'weibo.middlewares.ProxyMiddleware',
 'scrapy.downloadermiddlewares.httpauth.HttpAuthMiddleware',
 'scrapy.downloadermiddlewares.downloadtimeout.DownloadTimeoutMiddleware',
 'scrapy.downloadermiddlewares.defaultheaders.DefaultHeadersMiddleware',
 'scrapy.downloadermiddlewares.useragent.UserAgentMiddleware',
 'scrapy.downloadermiddlewares.retry.RetryMiddleware',
 'scrapy.downloadermiddlewares.redirect.MetaRefreshMiddleware',
 'scrapy.downloadermiddlewares.httpcompression.HttpCompressionMiddleware',
 'scrapy.downloadermiddlewares.redirect.RedirectMiddleware',
 'scrapy.downloadermiddlewares.stats.DownloaderStats']
2017-06-25 14:27:03 [scrapy.middleware] INFO: Enabled spider middlewares:
['scrapy.spidermiddlewares.httperror.HttpErrorMiddleware',
 'scrapy.spidermiddlewares.offsite.OffsiteMiddleware',
 'scrapy.spidermiddlewares.referer.RefererMiddleware',
 'scrapy.spidermiddlewares.urllength.UrlLengthMiddleware',
 'scrapy.spidermiddlewares.depth.DepthMiddleware']
2017-06-25 14:27:03 [scrapy.middleware] INFO: Enabled item pipelines:
['weibo.pipelines.WeiboPipeline']
2017-06-25 14:27:03 [scrapy.core.engine] INFO: Spider opened
2017-06-25 14:27:03 [scrapy.extensions.logstats] INFO: Crawled 0 pages (at 0 pages/min), scraped 0 items (at 0 items/min)
2017-06-25 14:27:03 [scrapy.extensions.telnet] DEBUG: Telnet console listening on 127.0.0.1:6023
2017-06-25 14:27:04 [scrapy.core.engine] DEBUG: Crawled (200) <GET https://m.weibo.cn/robots.txt> (referer: None)
2017-06-25 14:27:05 [scrapy.downloadermiddlewares.retry] DEBUG: Retrying <GET https://m.weibo.cn/status/4070116385690289> (failed 1 times): [<twisted.python.failure.Failure twisted.web._newclient.ParseError: ('wrong number of parts', b'HTTP/1.1 403')>]
2017-06-25 14:27:10 [scrapy.downloadermiddlewares.retry] DEBUG: Retrying <GET https://m.weibo.cn/status/4070116385690289> (failed 2 times): [<twisted.python.failure.Failure twisted.web._newclient.ParseError: ('wrong number of parts', b'HTTP/1.1 403')>]
2017-06-25 14:27:11 [scrapy.downloadermiddlewares.retry] DEBUG: Gave up retrying <GET https://m.weibo.cn/status/4070116385690289> (failed 3 times): [<twisted.python.failure.Failure twisted.web._newclient.ParseError: ('wrong number of parts', b'HTTP/1.1 403')>]
2017-06-25 14:27:11 [scrapy.core.scraper] ERROR: Error downloading <GET https://m.weibo.cn/status/4070116385690289>
Traceback (most recent call last):
  File "c:\anaconda3\lib\site-packages\twisted\internet\defer.py", line 1299, in _inlineCallbacks
    result = result.throwExceptionIntoGenerator(g)
  File "c:\anaconda3\lib\site-packages\twisted\python\failure.py", line 393, in throwExceptionIntoGenerator
    return g.throw(self.type, self.value, self.tb)
  File "c:\anaconda3\lib\site-packages\scrapy\core\downloader\middleware.py", line 43, in process_request
    defer.returnValue((yield download_func(request=request,spider=spider)))
twisted.web._newclient.ResponseFailed: [<twisted.python.failure.Failure twisted.web._newclient.ParseError: ('wrong number of parts', b'HTTP/1.1 403')>]
2017-06-25 14:27:11 [scrapy.core.engine] INFO: Closing spider (finished)
2017-06-25 14:27:11 [scrapy.statscollectors] INFO: Dumping Scrapy stats:
{'downloader/exception_count': 3,
 'downloader/exception_type_count/twisted.web._newclient.ResponseFailed': 3,
 'downloader/request_bytes': 3515,
 'downloader/request_count': 4,
 'downloader/request_method_count/GET': 4,
 'downloader/response_bytes': 425,
 'downloader/response_count': 1,
 'downloader/response_status_count/200': 1,
 'finish_reason': 'finished',
 'finish_time': datetime.datetime(2017, 6, 25, 6, 27, 11, 755615),
 'log_count/DEBUG': 5,
 'log_count/ERROR': 1,
 'log_count/INFO': 7,
 'response_received_count': 1,
 'scheduler/dequeued': 3,
 'scheduler/dequeued/memory': 3,
 'scheduler/enqueued': 3,
 'scheduler/enqueued/memory': 3,
 'start_time': datetime.datetime(2017, 6, 25, 6, 27, 3, 898451)}
2017-06-25 14:27:11 [scrapy.core.engine] INFO: Spider closed (finished)
2017-06-25 14:39:38 [scrapy.utils.log] INFO: Scrapy 1.3.3 started (bot: weibo)
2017-06-25 14:39:38 [scrapy.utils.log] INFO: Overridden settings: {'BOT_NAME': 'weibo', 'COOKIES_ENABLED': False, 'LOG_FILE': 'scrapy.log', 'NEWSPIDER_MODULE': 'weibo.spiders', 'ROBOTSTXT_OBEY': True, 'SPIDER_MODULES': ['weibo.spiders']}
2017-06-25 14:39:38 [scrapy.middleware] INFO: Enabled extensions:
['scrapy.extensions.corestats.CoreStats',
 'scrapy.extensions.telnet.TelnetConsole',
 'scrapy.extensions.logstats.LogStats']
2017-06-25 14:39:38 [scrapy.middleware] INFO: Enabled downloader middlewares:
['scrapy.downloadermiddlewares.robotstxt.RobotsTxtMiddleware',
 'weibo.middlewares.ProxyMiddleware',
 'scrapy.downloadermiddlewares.httpauth.HttpAuthMiddleware',
 'scrapy.downloadermiddlewares.downloadtimeout.DownloadTimeoutMiddleware',
 'scrapy.downloadermiddlewares.defaultheaders.DefaultHeadersMiddleware',
 'scrapy.downloadermiddlewares.useragent.UserAgentMiddleware',
 'scrapy.downloadermiddlewares.retry.RetryMiddleware',
 'scrapy.downloadermiddlewares.redirect.MetaRefreshMiddleware',
 'scrapy.downloadermiddlewares.httpcompression.HttpCompressionMiddleware',
 'scrapy.downloadermiddlewares.redirect.RedirectMiddleware',
 'scrapy.downloadermiddlewares.stats.DownloaderStats']
2017-06-25 14:39:38 [scrapy.middleware] INFO: Enabled spider middlewares:
['scrapy.spidermiddlewares.httperror.HttpErrorMiddleware',
 'scrapy.spidermiddlewares.offsite.OffsiteMiddleware',
 'scrapy.spidermiddlewares.referer.RefererMiddleware',
 'scrapy.spidermiddlewares.urllength.UrlLengthMiddleware',
 'scrapy.spidermiddlewares.depth.DepthMiddleware']
2017-06-25 14:39:39 [scrapy.middleware] INFO: Enabled item pipelines:
['weibo.pipelines.WeiboPipeline']
2017-06-25 14:39:39 [scrapy.core.engine] INFO: Spider opened
2017-06-25 14:39:39 [scrapy.extensions.logstats] INFO: Crawled 0 pages (at 0 pages/min), scraped 0 items (at 0 items/min)
2017-06-25 14:39:39 [scrapy.extensions.telnet] DEBUG: Telnet console listening on 127.0.0.1:6023
2017-06-25 14:39:40 [scrapy.core.engine] DEBUG: Crawled (200) <GET https://m.weibo.cn/robots.txt> (referer: None)
2017-06-25 14:39:40 [scrapy.downloadermiddlewares.retry] DEBUG: Retrying <GET https://m.weibo.cn/status/4070116385690289> (failed 1 times): [<twisted.python.failure.Failure twisted.web._newclient.ParseError: ('wrong number of parts', b'HTTP/1.1 403')>]
2017-06-25 14:39:41 [scrapy.downloadermiddlewares.retry] DEBUG: Retrying <GET https://m.weibo.cn/status/4070116385690289> (failed 2 times): [<twisted.python.failure.Failure twisted.web._newclient.ParseError: ('wrong number of parts', b'HTTP/1.1 403')>]
2017-06-25 14:39:42 [scrapy.downloadermiddlewares.retry] DEBUG: Gave up retrying <GET https://m.weibo.cn/status/4070116385690289> (failed 3 times): [<twisted.python.failure.Failure twisted.web._newclient.ParseError: ('wrong number of parts', b'HTTP/1.1 403')>]
2017-06-25 14:39:42 [scrapy.core.scraper] ERROR: Error downloading <GET https://m.weibo.cn/status/4070116385690289>
Traceback (most recent call last):
  File "c:\anaconda3\lib\site-packages\twisted\internet\defer.py", line 1299, in _inlineCallbacks
    result = result.throwExceptionIntoGenerator(g)
  File "c:\anaconda3\lib\site-packages\twisted\python\failure.py", line 393, in throwExceptionIntoGenerator
    return g.throw(self.type, self.value, self.tb)
  File "c:\anaconda3\lib\site-packages\scrapy\core\downloader\middleware.py", line 43, in process_request
    defer.returnValue((yield download_func(request=request,spider=spider)))
twisted.web._newclient.ResponseFailed: [<twisted.python.failure.Failure twisted.web._newclient.ParseError: ('wrong number of parts', b'HTTP/1.1 403')>]
2017-06-25 14:39:42 [scrapy.core.engine] INFO: Closing spider (finished)
2017-06-25 14:39:42 [scrapy.statscollectors] INFO: Dumping Scrapy stats:
{'downloader/exception_count': 3,
 'downloader/exception_type_count/twisted.web._newclient.ResponseFailed': 3,
 'downloader/request_bytes': 3515,
 'downloader/request_count': 4,
 'downloader/request_method_count/GET': 4,
 'downloader/response_bytes': 425,
 'downloader/response_count': 1,
 'downloader/response_status_count/200': 1,
 'finish_reason': 'finished',
 'finish_time': datetime.datetime(2017, 6, 25, 6, 39, 42, 658862),
 'log_count/DEBUG': 5,
 'log_count/ERROR': 1,
 'log_count/INFO': 7,
 'response_received_count': 1,
 'scheduler/dequeued': 3,
 'scheduler/dequeued/memory': 3,
 'scheduler/enqueued': 3,
 'scheduler/enqueued/memory': 3,
 'start_time': datetime.datetime(2017, 6, 25, 6, 39, 39, 723257)}
2017-06-25 14:39:42 [scrapy.core.engine] INFO: Spider closed (finished)
2017-06-25 14:44:26 [scrapy.utils.log] INFO: Scrapy 1.3.3 started (bot: weibo)
2017-06-25 14:44:26 [scrapy.utils.log] INFO: Overridden settings: {'BOT_NAME': 'weibo', 'COOKIES_ENABLED': False, 'LOG_FILE': 'scrapy.log', 'NEWSPIDER_MODULE': 'weibo.spiders', 'ROBOTSTXT_OBEY': True, 'SPIDER_MODULES': ['weibo.spiders']}
2017-06-25 14:44:26 [scrapy.middleware] INFO: Enabled extensions:
['scrapy.extensions.corestats.CoreStats',
 'scrapy.extensions.telnet.TelnetConsole',
 'scrapy.extensions.logstats.LogStats']
2017-06-25 14:44:26 [scrapy.middleware] INFO: Enabled downloader middlewares:
['scrapy.downloadermiddlewares.robotstxt.RobotsTxtMiddleware',
 'weibo.middlewares.ProxyMiddleware',
 'scrapy.downloadermiddlewares.httpauth.HttpAuthMiddleware',
 'scrapy.downloadermiddlewares.downloadtimeout.DownloadTimeoutMiddleware',
 'scrapy.downloadermiddlewares.defaultheaders.DefaultHeadersMiddleware',
 'scrapy.downloadermiddlewares.useragent.UserAgentMiddleware',
 'scrapy.downloadermiddlewares.retry.RetryMiddleware',
 'scrapy.downloadermiddlewares.redirect.MetaRefreshMiddleware',
 'scrapy.downloadermiddlewares.httpcompression.HttpCompressionMiddleware',
 'scrapy.downloadermiddlewares.redirect.RedirectMiddleware',
 'scrapy.downloadermiddlewares.stats.DownloaderStats']
2017-06-25 14:44:26 [scrapy.middleware] INFO: Enabled spider middlewares:
['scrapy.spidermiddlewares.httperror.HttpErrorMiddleware',
 'scrapy.spidermiddlewares.offsite.OffsiteMiddleware',
 'scrapy.spidermiddlewares.referer.RefererMiddleware',
 'scrapy.spidermiddlewares.urllength.UrlLengthMiddleware',
 'scrapy.spidermiddlewares.depth.DepthMiddleware']
2017-06-25 14:44:27 [scrapy.middleware] INFO: Enabled item pipelines:
['weibo.pipelines.WeiboPipeline']
2017-06-25 14:44:27 [scrapy.core.engine] INFO: Spider opened
2017-06-25 14:44:27 [scrapy.extensions.logstats] INFO: Crawled 0 pages (at 0 pages/min), scraped 0 items (at 0 items/min)
2017-06-25 14:44:27 [scrapy.extensions.telnet] DEBUG: Telnet console listening on 127.0.0.1:6023
2017-06-25 14:44:29 [scrapy.core.engine] DEBUG: Crawled (200) <GET https://m.weibo.cn/robots.txt> (referer: None)
2017-06-25 14:44:30 [scrapy.downloadermiddlewares.retry] DEBUG: Retrying <GET https://m.weibo.cn/status/4070116385690289> (failed 1 times): [<twisted.python.failure.Failure twisted.web._newclient.ParseError: ('wrong number of parts', b'HTTP/1.1 403')>]
2017-06-25 14:44:30 [scrapy.downloadermiddlewares.retry] DEBUG: Retrying <GET https://m.weibo.cn/status/4070116385690289> (failed 2 times): [<twisted.python.failure.Failure twisted.web._newclient.ParseError: ('wrong number of parts', b'HTTP/1.1 403')>]
2017-06-25 14:44:31 [scrapy.downloadermiddlewares.retry] DEBUG: Gave up retrying <GET https://m.weibo.cn/status/4070116385690289> (failed 3 times): [<twisted.python.failure.Failure twisted.web._newclient.ParseError: ('wrong number of parts', b'HTTP/1.1 403')>]
2017-06-25 14:44:31 [scrapy.core.scraper] ERROR: Error downloading <GET https://m.weibo.cn/status/4070116385690289>
Traceback (most recent call last):
  File "c:\anaconda3\lib\site-packages\twisted\internet\defer.py", line 1299, in _inlineCallbacks
    result = result.throwExceptionIntoGenerator(g)
  File "c:\anaconda3\lib\site-packages\twisted\python\failure.py", line 393, in throwExceptionIntoGenerator
    return g.throw(self.type, self.value, self.tb)
  File "c:\anaconda3\lib\site-packages\scrapy\core\downloader\middleware.py", line 43, in process_request
    defer.returnValue((yield download_func(request=request,spider=spider)))
twisted.web._newclient.ResponseFailed: [<twisted.python.failure.Failure twisted.web._newclient.ParseError: ('wrong number of parts', b'HTTP/1.1 403')>]
2017-06-25 14:44:31 [scrapy.core.engine] INFO: Closing spider (finished)
2017-06-25 14:44:31 [scrapy.statscollectors] INFO: Dumping Scrapy stats:
{'downloader/exception_count': 3,
 'downloader/exception_type_count/twisted.web._newclient.ResponseFailed': 3,
 'downloader/request_bytes': 3167,
 'downloader/request_count': 4,
 'downloader/request_method_count/GET': 4,
 'downloader/response_bytes': 425,
 'downloader/response_count': 1,
 'downloader/response_status_count/200': 1,
 'finish_reason': 'finished',
 'finish_time': datetime.datetime(2017, 6, 25, 6, 44, 31, 842886),
 'log_count/DEBUG': 5,
 'log_count/ERROR': 1,
 'log_count/INFO': 7,
 'response_received_count': 1,
 'scheduler/dequeued': 3,
 'scheduler/dequeued/memory': 3,
 'scheduler/enqueued': 3,
 'scheduler/enqueued/memory': 3,
 'start_time': datetime.datetime(2017, 6, 25, 6, 44, 27, 318567)}
2017-06-25 14:44:31 [scrapy.core.engine] INFO: Spider closed (finished)
